2023/09/11 10:05:25 Status: 503
2023/09/11 10:05:25 Method: POST
2023/09/11 10:05:25 Path: /logs
2023/09/11 10:05:25 Message: Error #01: 服务器繁忙
2023/09/11 10:05:55 Status: 503
2023/09/11 10:05:55 Method: POST
2023/09/11 10:05:55 Path: /logs
2023/09/11 10:05:55 Message: Error #01: 服务器繁忙
2023/09/11 10:05:55 Status: 503
2023/09/11 10:05:55 Method: POST
2023/09/11 10:05:55 Path: /logs
2023/09/11 10:05:55 Message: Error #01: 服务器繁忙
2023/09/11 10:06:31 Status: 500
2023/09/11 10:06:31 Method: POST
2023/09/11 10:06:31 Path: /logs
2023/09/11 10:06:31 Message: Error #01: 测试运行过程中，出错记录日志，如果是在容器中运行，则日志只会记录到容器中，不会同步到宿主机，不过可以通过挂载路径实现同步
2023/09/11 10:06:33 Status: 500
2023/09/11 10:06:33 Method: POST
2023/09/11 10:06:33 Path: /logs
2023/09/11 10:06:33 Message: Error #01: 测试运行过程中，出错记录日志，如果是在容器中运行，则日志只会记录到容器中，不会同步到宿主机，不过可以通过挂载路径实现同步
2023/09/11 10:06:34 Status: 503
2023/09/11 10:06:34 Method: POST
2023/09/11 10:06:34 Path: /logs
2023/09/11 10:06:34 Message: Error #01: 服务器繁忙
2023/09/11 10:06:35 Status: 500
2023/09/11 10:06:35 Method: POST
2023/09/11 10:06:35 Path: /logs
2023/09/11 10:06:35 Message: Error #01: 测试运行过程中，出错记录日志，如果是在容器中运行，则日志只会记录到容器中，不会同步到宿主机，不过可以通过挂载路径实现同步
2023/09/11 10:06:39 Status: 500
2023/09/11 10:06:39 Method: POST
2023/09/11 10:06:39 Path: /logs
2023/09/11 10:06:39 Message: Error #01: 测试运行过程中，出错记录日志，如果是在容器中运行，则日志只会记录到容器中，不会同步到宿主机，不过可以通过挂载路径实现同步
2023/09/11 10:06:40 Status: 503
2023/09/11 10:06:40 Method: POST
2023/09/11 10:06:40 Path: /logs
2023/09/11 10:06:40 Message: Error #01: 服务器繁忙
2023/09/11 10:06:41 Status: 500
2023/09/11 10:06:41 Method: POST
2023/09/11 10:06:41 Path: /logs
2023/09/11 10:06:41 Message: Error #01: 测试运行过程中，出错记录日志，如果是在容器中运行，则日志只会记录到容器中，不会同步到宿主机，不过可以通过挂载路径实现同步
2023/09/11 10:06:42 Status: 503
2023/09/11 10:06:42 Method: POST
2023/09/11 10:06:42 Path: /logs
2023/09/11 10:06:42 Message: Error #01: 服务器繁忙
2023/09/11 10:08:34 Status: 500
2023/09/11 10:08:34 Method: POST
2023/09/11 10:08:34 Path: /logs
2023/09/11 10:08:34 Message: Error #01: 测试运行过程中，出错记录日志，如果是在容器中运行，则日志只会记录到容器中，不会同步到宿主机，不过可以通过挂载路径实现同步
2023/09/11 10:08:38 Status: 500
2023/09/11 10:08:38 Method: POST
2023/09/11 10:08:38 Path: /logs
2023/09/11 10:08:38 Message: Error #01: 测试运行过程中，出错记录日志，如果是在容器中运行，则日志只会记录到容器中，不会同步到宿主机，不过可以通过挂载路径实现同步
2023/09/11 10:08:39 Status: 503
2023/09/11 10:08:39 Method: POST
2023/09/11 10:08:39 Path: /logs
2023/09/11 10:08:39 Message: Error #01: 服务器繁忙
2023/09/11 10:15:47 Status: 504
2023/09/11 10:15:47 Method: POST
2023/09/11 10:15:47 Path: /docker/info
2023/09/11 10:15:47 Message: Error #01: context deadline exceeded
2023/09/11 10:15:48 Status: 504
2023/09/11 10:15:48 Method: POST
2023/09/11 10:15:48 Path: /docker/info
2023/09/11 10:15:48 Message: Error #01: context deadline exceeded
2023/09/11 10:15:49 Status: 504
2023/09/11 10:15:49 Method: POST
2023/09/11 10:15:49 Path: /docker/info
2023/09/11 10:15:49 Message: Error #01: context deadline exceeded
2023/09/11 10:16:06 Status: 504
2023/09/11 10:16:06 Method: POST
2023/09/11 10:16:06 Path: /docker/info
2023/09/11 10:16:06 Message: Error #01: context deadline exceeded
2023/09/11 10:16:07 Status: 504
2023/09/11 10:16:07 Method: POST
2023/09/11 10:16:07 Path: /docker/info
2023/09/11 10:16:07 Message: Error #01: context deadline exceeded
2023/09/11 10:16:08 Status: 504
2023/09/11 10:16:08 Method: POST
2023/09/11 10:16:08 Path: /docker/info
2023/09/11 10:16:08 Message: Error #01: context deadline exceeded
2023/09/11 10:16:23 Status: 504
2023/09/11 10:16:23 Method: POST
2023/09/11 10:16:23 Path: /docker/info
2023/09/11 10:16:23 Message: Error #01: context deadline exceeded
2023/09/11 10:17:54 Status: 504
2023/09/11 10:17:54 Method: POST
2023/09/11 10:17:54 Path: /docker/info
2023/09/11 10:17:54 Message: Error #01: context deadline exceeded
2023/09/11 10:17:56 Status: 504
2023/09/11 10:17:56 Method: POST
2023/09/11 10:17:56 Path: /docker/info
2023/09/11 10:17:56 Message: Error #01: context deadline exceeded
2023/09/11 10:17:57 Status: 504
2023/09/11 10:17:57 Method: POST
2023/09/11 10:17:57 Path: /docker/info
2023/09/11 10:17:57 Message: Error #01: context deadline exceeded
2023/09/11 10:17:58 Status: 504
2023/09/11 10:17:58 Method: POST
2023/09/11 10:17:58 Path: /docker/info
2023/09/11 10:17:58 Message: Error #01: context deadline exceeded
2023/09/11 10:19:11 Status: 504
2023/09/11 10:19:11 Method: POST
2023/09/11 10:19:11 Path: /docker/info
2023/09/11 10:19:11 Message: Error #01: context deadline exceeded
2023/09/11 10:23:55 Status: 504
2023/09/11 10:23:55 Method: POST
2023/09/11 10:23:55 Path: /docker/info
2023/09/11 10:23:55 Message: Error #01: context deadline exceeded
2023/09/11 10:23:56 Status: 504
2023/09/11 10:23:56 Method: POST
2023/09/11 10:23:56 Path: /docker/info
2023/09/11 10:23:56 Message: Error #01: context deadline exceeded
2023/09/11 10:23:57 Status: 504
2023/09/11 10:23:57 Method: POST
2023/09/11 10:23:57 Path: /docker/info
2023/09/11 10:23:57 Message: Error #01: context deadline exceeded
2023/09/11 10:23:57 Status: 504
2023/09/11 10:23:57 Method: POST
2023/09/11 10:23:57 Path: /docker/info
2023/09/11 10:23:57 Message: Error #01: context deadline exceeded
2023/09/11 10:23:58 Status: 504
2023/09/11 10:23:58 Method: POST
2023/09/11 10:23:58 Path: /docker/info
2023/09/11 10:23:58 Message: Error #01: context deadline exceeded
2023/09/11 10:25:19 Status: 503
2023/09/11 10:25:19 Method: POST
2023/09/11 10:25:19 Path: /docker/info
2023/09/11 10:25:19 Message: Error #01: context deadline exceeded
Error #02: 服务器繁忙
2023/09/11 10:25:21 Status: 504
2023/09/11 10:25:21 Method: POST
2023/09/11 10:25:21 Path: /docker/info
2023/09/11 10:25:21 Message: Error #01: context deadline exceeded
2023/09/11 10:25:22 Status: 504
2023/09/11 10:25:22 Method: POST
2023/09/11 10:25:22 Path: /docker/info
2023/09/11 10:25:22 Message: Error #01: context deadline exceeded
2023/09/11 10:25:22 Status: 504
2023/09/11 10:25:22 Method: POST
2023/09/11 10:25:22 Path: /docker/info
2023/09/11 10:25:22 Message: Error #01: context deadline exceeded
2023/09/11 10:25:23 Status: 504
2023/09/11 10:25:23 Method: POST
2023/09/11 10:25:23 Path: /docker/info
2023/09/11 10:25:23 Message: Error #01: context deadline exceeded
2023/09/11 10:25:24 Status: 504
2023/09/11 10:25:24 Method: POST
2023/09/11 10:25:24 Path: /docker/info
2023/09/11 10:25:24 Message: Error #01: context deadline exceeded
2023/09/11 10:25:25 Status: 504
2023/09/11 10:25:25 Method: POST
2023/09/11 10:25:25 Path: /docker/info
2023/09/11 10:25:25 Message: Error #01: context deadline exceeded
2023/09/11 10:25:26 Status: 504
2023/09/11 10:25:26 Method: POST
2023/09/11 10:25:26 Path: /docker/info
2023/09/11 10:25:26 Message: Error #01: context deadline exceeded
2023/09/11 10:25:30 Status: 504
2023/09/11 10:25:30 Method: POST
2023/09/11 10:25:30 Path: /docker/info
2023/09/11 10:25:30 Message: Error #01: context deadline exceeded
2023/09/11 10:25:30 Status: 504
2023/09/11 10:25:30 Method: POST
2023/09/11 10:25:30 Path: /docker/info
2023/09/11 10:25:30 Message: Error #01: context deadline exceeded
2023/09/11 10:25:31 Status: 504
2023/09/11 10:25:31 Method: POST
2023/09/11 10:25:31 Path: /docker/info
2023/09/11 10:25:31 Message: Error #01: context deadline exceeded
2023/09/11 10:25:32 Status: 504
2023/09/11 10:25:32 Method: POST
2023/09/11 10:25:32 Path: /docker/info
2023/09/11 10:25:32 Message: Error #01: context deadline exceeded
2023/09/11 10:25:33 Status: 504
2023/09/11 10:25:33 Method: POST
2023/09/11 10:25:33 Path: /docker/info
2023/09/11 10:25:33 Message: Error #01: context deadline exceeded
2023/09/11 10:25:34 Status: 504
2023/09/11 10:25:34 Method: POST
2023/09/11 10:25:34 Path: /docker/info
2023/09/11 10:25:34 Message: Error #01: context deadline exceeded
2023/09/11 10:25:34 Status: 504
2023/09/11 10:25:34 Method: POST
2023/09/11 10:25:34 Path: /docker/info
2023/09/11 10:25:34 Message: Error #01: context deadline exceeded
2023/09/11 10:25:35 Status: 504
2023/09/11 10:25:35 Method: POST
2023/09/11 10:25:35 Path: /docker/info
2023/09/11 10:25:35 Message: Error #01: context deadline exceeded
2023/09/11 10:25:36 Status: 504
2023/09/11 10:25:36 Method: POST
2023/09/11 10:25:36 Path: /docker/info
2023/09/11 10:25:36 Message: Error #01: context deadline exceeded
2023/09/11 10:25:36 Status: 504
2023/09/11 10:25:36 Method: POST
2023/09/11 10:25:36 Path: /docker/info
2023/09/11 10:25:36 Message: Error #01: context deadline exceeded
2023/09/11 10:25:37 Status: 504
2023/09/11 10:25:37 Method: POST
2023/09/11 10:25:37 Path: /docker/info
2023/09/11 10:25:37 Message: Error #01: context deadline exceeded
2023/09/11 10:25:38 Status: 504
2023/09/11 10:25:38 Method: POST
2023/09/11 10:25:38 Path: /docker/info
2023/09/11 10:25:38 Message: Error #01: context deadline exceeded
2023/09/11 10:25:38 Status: 504
2023/09/11 10:25:38 Method: POST
2023/09/11 10:25:38 Path: /docker/info
2023/09/11 10:25:38 Message: Error #01: context deadline exceeded
2023/09/11 10:25:39 Status: 504
2023/09/11 10:25:39 Method: POST
2023/09/11 10:25:39 Path: /docker/info
2023/09/11 10:25:39 Message: Error #01: context deadline exceeded
2023/09/11 10:25:40 Status: 504
2023/09/11 10:25:40 Method: POST
2023/09/11 10:25:40 Path: /docker/info
2023/09/11 10:25:40 Message: Error #01: context deadline exceeded
2023/09/11 10:25:40 Status: 504
2023/09/11 10:25:40 Method: POST
2023/09/11 10:25:40 Path: /docker/info
2023/09/11 10:25:40 Message: Error #01: context deadline exceeded
2023/09/11 10:25:41 Status: 504
2023/09/11 10:25:41 Method: POST
2023/09/11 10:25:41 Path: /docker/info
2023/09/11 10:25:41 Message: Error #01: context deadline exceeded
2023/09/11 10:25:41 Status: 504
2023/09/11 10:25:41 Method: POST
2023/09/11 10:25:41 Path: /docker/info
2023/09/11 10:25:41 Message: Error #01: context deadline exceeded
2023/09/11 10:25:42 Status: 504
2023/09/11 10:25:42 Method: POST
2023/09/11 10:25:42 Path: /docker/info
2023/09/11 10:25:42 Message: Error #01: context deadline exceeded
2023/09/11 10:25:43 Status: 504
2023/09/11 10:25:43 Method: POST
2023/09/11 10:25:43 Path: /docker/info
2023/09/11 10:25:43 Message: Error #01: context deadline exceeded
2023/09/11 10:25:43 Status: 504
2023/09/11 10:25:43 Method: POST
2023/09/11 10:25:43 Path: /docker/info
2023/09/11 10:25:43 Message: Error #01: context deadline exceeded
2023/09/11 10:25:44 Status: 504
2023/09/11 10:25:44 Method: POST
2023/09/11 10:25:44 Path: /docker/info
2023/09/11 10:25:44 Message: Error #01: context deadline exceeded
2023/09/11 10:25:44 Status: 504
2023/09/11 10:25:44 Method: POST
2023/09/11 10:25:44 Path: /docker/info
2023/09/11 10:25:44 Message: Error #01: context deadline exceeded
2023/09/11 10:25:45 Status: 504
2023/09/11 10:25:45 Method: POST
2023/09/11 10:25:45 Path: /docker/info
2023/09/11 10:25:45 Message: Error #01: context deadline exceeded
2023/09/11 10:25:47 Status: 503
2023/09/11 10:25:47 Method: POST
2023/09/11 10:25:47 Path: /docker/info
2023/09/11 10:25:47 Message: Error #01: context deadline exceeded
Error #02: 服务器繁忙
2023/09/11 10:51:19 Status: 503
2023/09/11 10:51:19 Method: POST
2023/09/11 10:51:19 Path: /docker/info
2023/09/11 10:51:19 Message: Error #01: 服务器繁忙
2023/09/11 10:51:20 Status: 503
2023/09/11 10:51:20 Method: POST
2023/09/11 10:51:20 Path: /docker/info
2023/09/11 10:51:20 Message: Error #01: 服务器繁忙
2023/09/11 10:51:21 Status: 503
2023/09/11 10:51:21 Method: POST
2023/09/11 10:51:21 Path: /docker/info
2023/09/11 10:51:21 Message: Error #01: 服务器繁忙
2023/09/11 10:51:36 Status: 503
2023/09/11 10:51:36 Method: POST
2023/09/11 10:51:36 Path: /docker/info
2023/09/11 10:51:36 Message: Error #01: context deadline exceeded
Error #02: 服务器繁忙
2023/09/11 10:57:16 Status: 503
2023/09/11 10:57:16 Method: POST
2023/09/11 10:57:16 Path: /docker/info
2023/09/11 10:57:16 Message: Error #01: context deadline exceeded
Error #02: 服务器繁忙
2023/09/11 10:57:17 Status: 504
2023/09/11 10:57:17 Method: POST
2023/09/11 10:57:17 Path: /docker/info
2023/09/11 10:57:17 Message: Error #01: context deadline exceeded
2023/09/11 10:57:18 Status: 504
2023/09/11 10:57:18 Method: POST
2023/09/11 10:57:18 Path: /docker/info
2023/09/11 10:57:18 Message: Error #01: context deadline exceeded
2023/09/11 10:57:18 Status: 504
2023/09/11 10:57:18 Method: POST
2023/09/11 10:57:18 Path: /docker/info
2023/09/11 10:57:18 Message: Error #01: context deadline exceeded
2023/09/11 10:57:19 Status: 504
2023/09/11 10:57:19 Method: POST
2023/09/11 10:57:19 Path: /docker/info
2023/09/11 10:57:19 Message: Error #01: context deadline exceeded
2023/09/11 10:57:21 Status: 504
2023/09/11 10:57:21 Method: POST
2023/09/11 10:57:21 Path: /docker/info
2023/09/11 10:57:21 Message: Error #01: context deadline exceeded
2023/09/11 10:57:21 Status: 504
2023/09/11 10:57:21 Method: POST
2023/09/11 10:57:21 Path: /docker/info
2023/09/11 10:57:21 Message: Error #01: context deadline exceeded
2023/09/11 10:57:23 Status: 504
2023/09/11 10:57:23 Method: POST
2023/09/11 10:57:23 Path: /docker/info
2023/09/11 10:57:23 Message: Error #01: context deadline exceeded
2023/09/11 10:57:23 Status: 504
2023/09/11 10:57:23 Method: POST
2023/09/11 10:57:23 Path: /docker/info
2023/09/11 10:57:23 Message: Error #01: context deadline exceeded
2023/09/11 10:57:26 Status: 504
2023/09/11 10:57:26 Method: POST
2023/09/11 10:57:26 Path: /docker/info
2023/09/11 10:57:26 Message: Error #01: context deadline exceeded
2023/09/11 10:57:26 Status: 504
2023/09/11 10:57:26 Method: POST
2023/09/11 10:57:26 Path: /docker/info
2023/09/11 10:57:26 Message: Error #01: context deadline exceeded
2023/09/11 10:57:27 Status: 504
2023/09/11 10:57:27 Method: POST
2023/09/11 10:57:27 Path: /docker/info
2023/09/11 10:57:27 Message: Error #01: context deadline exceeded
2023/09/11 10:57:28 Status: 504
2023/09/11 10:57:28 Method: POST
2023/09/11 10:57:28 Path: /docker/info
2023/09/11 10:57:28 Message: Error #01: context deadline exceeded
2023/09/11 10:57:28 Status: 504
2023/09/11 10:57:28 Method: POST
2023/09/11 10:57:28 Path: /docker/info
2023/09/11 10:57:28 Message: Error #01: context deadline exceeded
2023/09/11 10:57:29 Status: 504
2023/09/11 10:57:29 Method: POST
2023/09/11 10:57:29 Path: /docker/info
2023/09/11 10:57:29 Message: Error #01: context deadline exceeded
2023/09/11 10:57:30 Status: 504
2023/09/11 10:57:30 Method: POST
2023/09/11 10:57:30 Path: /docker/info
2023/09/11 10:57:30 Message: Error #01: context deadline exceeded
2023/09/11 10:58:00 Status: 503
2023/09/11 10:58:00 Method: POST
2023/09/11 10:58:00 Path: /docker/info
2023/09/11 10:58:00 Message: Error #01: context deadline exceeded
Error #02: 服务器繁忙
2023/09/11 10:58:01 Status: 504
2023/09/11 10:58:01 Method: POST
2023/09/11 10:58:01 Path: /docker/info
2023/09/11 10:58:01 Message: Error #01: context deadline exceeded
2023/09/11 10:58:02 Status: 504
2023/09/11 10:58:02 Method: POST
2023/09/11 10:58:02 Path: /docker/info
2023/09/11 10:58:02 Message: Error #01: context deadline exceeded
2023/09/11 10:58:02 Status: 504
2023/09/11 10:58:02 Method: POST
2023/09/11 10:58:02 Path: /docker/info
2023/09/11 10:58:02 Message: Error #01: context deadline exceeded
2023/09/11 10:58:03 Status: 504
2023/09/11 10:58:03 Method: POST
2023/09/11 10:58:03 Path: /docker/info
2023/09/11 10:58:03 Message: Error #01: context deadline exceeded
2023/09/11 10:58:04 Status: 504
2023/09/11 10:58:04 Method: POST
2023/09/11 10:58:04 Path: /docker/info
2023/09/11 10:58:04 Message: Error #01: context deadline exceeded
2023/09/11 10:58:05 Status: 504
2023/09/11 10:58:05 Method: POST
2023/09/11 10:58:05 Path: /docker/info
2023/09/11 10:58:05 Message: Error #01: context deadline exceeded
2023/09/11 10:58:05 Status: 504
2023/09/11 10:58:05 Method: POST
2023/09/11 10:58:05 Path: /docker/info
2023/09/11 10:58:05 Message: Error #01: context deadline exceeded
2023/09/11 10:58:06 Status: 504
2023/09/11 10:58:06 Method: POST
2023/09/11 10:58:06 Path: /docker/info
2023/09/11 10:58:06 Message: Error #01: context deadline exceeded
2023/09/11 10:58:06 Status: 504
2023/09/11 10:58:06 Method: POST
2023/09/11 10:58:06 Path: /docker/info
2023/09/11 10:58:06 Message: Error #01: context deadline exceeded
2023/09/11 10:58:33 Status: 503
2023/09/11 10:58:33 Method: POST
2023/09/11 10:58:33 Path: /docker/info
2023/09/11 10:58:33 Message: Error #01: 服务器繁忙
2023/09/11 10:58:34 Status: 503
2023/09/11 10:58:34 Method: POST
2023/09/11 10:58:34 Path: /docker/info
2023/09/11 10:58:34 Message: Error #01: 服务器繁忙
2023/09/11 10:58:34 Status: 503
2023/09/11 10:58:34 Method: POST
2023/09/11 10:58:34 Path: /docker/info
2023/09/11 10:58:34 Message: Error #01: 服务器繁忙
2023/09/11 10:58:35 Status: 503
2023/09/11 10:58:35 Method: POST
2023/09/11 10:58:35 Path: /docker/info
2023/09/11 10:58:35 Message: Error #01: 服务器繁忙
2023/09/11 10:58:36 Status: 503
2023/09/11 10:58:36 Method: POST
2023/09/11 10:58:36 Path: /docker/info
2023/09/11 10:58:36 Message: Error #01: 服务器繁忙
2023/09/11 10:58:37 Status: 503
2023/09/11 10:58:37 Method: POST
2023/09/11 10:58:37 Path: /docker/info
2023/09/11 10:58:37 Message: Error #01: 服务器繁忙
2023/09/11 10:58:49 Status: 503
2023/09/11 10:58:49 Method: POST
2023/09/11 10:58:49 Path: /docker/info
2023/09/11 10:58:49 Message: Error #01: 服务器繁忙
2023/09/11 10:58:50 Status: 503
2023/09/11 10:58:50 Method: POST
2023/09/11 10:58:50 Path: /docker/info
2023/09/11 10:58:50 Message: Error #01: 服务器繁忙
2023/09/11 10:58:51 Status: 503
2023/09/11 10:58:51 Method: POST
2023/09/11 10:58:51 Path: /docker/info
2023/09/11 10:58:51 Message: Error #01: 服务器繁忙
2023/09/11 10:58:52 Status: 503
2023/09/11 10:58:52 Method: POST
2023/09/11 10:58:52 Path: /docker/info
2023/09/11 10:58:52 Message: Error #01: 服务器繁忙
2023/09/11 10:58:53 Status: 503
2023/09/11 10:58:53 Method: POST
2023/09/11 10:58:53 Path: /docker/info
2023/09/11 10:58:53 Message: Error #01: 服务器繁忙
2023/09/11 10:59:07 Status: 503
2023/09/11 10:59:07 Method: POST
2023/09/11 10:59:07 Path: /docker/info
2023/09/11 10:59:07 Message: Error #01: 服务器繁忙
2023/09/11 10:59:09 Status: 503
2023/09/11 10:59:09 Method: POST
2023/09/11 10:59:09 Path: /docker/info
2023/09/11 10:59:09 Message: Error #01: 服务器繁忙
2023/09/11 10:59:09 Status: 503
2023/09/11 10:59:09 Method: POST
2023/09/11 10:59:09 Path: /docker/info
2023/09/11 10:59:09 Message: Error #01: 服务器繁忙
2023/09/11 10:59:10 Status: 503
2023/09/11 10:59:10 Method: POST
2023/09/11 10:59:10 Path: /docker/info
2023/09/11 10:59:10 Message: Error #01: 服务器繁忙
2023/09/11 10:59:24 Status: 503
2023/09/11 10:59:24 Method: POST
2023/09/11 10:59:24 Path: /docker/info
2023/09/11 10:59:24 Message: Error #01: 服务器繁忙
Error #02: context deadline exceeded
2023/09/11 10:59:26 Status: 503
2023/09/11 10:59:26 Method: POST
2023/09/11 10:59:26 Path: /docker/info
2023/09/11 10:59:26 Message: Error #01: 服务器繁忙
Error #02: context deadline exceeded
2023/09/11 10:59:26 Status: 503
2023/09/11 10:59:26 Method: POST
2023/09/11 10:59:26 Path: /docker/info
2023/09/11 10:59:26 Message: Error #01: 服务器繁忙
Error #02: context deadline exceeded
2023/09/11 10:59:28 Status: 503
2023/09/11 10:59:28 Method: POST
2023/09/11 10:59:28 Path: /docker/info
2023/09/11 10:59:28 Message: Error #01: 服务器繁忙
Error #02: context deadline exceeded
2023/09/11 10:59:29 Status: 503
2023/09/11 10:59:29 Method: POST
2023/09/11 10:59:29 Path: /docker/info
2023/09/11 10:59:29 Message: Error #01: 服务器繁忙
Error #02: context deadline exceeded
2023/09/11 10:59:29 Status: 503
2023/09/11 10:59:29 Method: POST
2023/09/11 10:59:29 Path: /docker/info
2023/09/11 10:59:29 Message: Error #01: 服务器繁忙
Error #02: context deadline exceeded
2023/09/11 10:59:30 Status: 503
2023/09/11 10:59:30 Method: POST
2023/09/11 10:59:30 Path: /docker/info
2023/09/11 10:59:30 Message: Error #01: 服务器繁忙
Error #02: context deadline exceeded
2023/09/11 11:03:04 Status: 503
2023/09/11 11:03:04 Method: POST
2023/09/11 11:03:04 Path: /docker/info
2023/09/11 11:03:04 Message: Error #01: 服务器繁忙
Error #02: context deadline exceeded
2023/09/11 11:03:10 Status: 503
2023/09/11 11:03:10 Method: POST
2023/09/11 11:03:10 Path: /docker/info
2023/09/11 11:03:10 Message: Error #01: 服务器繁忙
Error #02: context deadline exceeded
2023/09/11 11:03:11 Status: 503
2023/09/11 11:03:11 Method: POST
2023/09/11 11:03:11 Path: /docker/info
2023/09/11 11:03:11 Message: Error #01: 服务器繁忙
Error #02: context deadline exceeded
2023/09/11 11:03:13 Status: 503
2023/09/11 11:03:13 Method: POST
2023/09/11 11:03:13 Path: /docker/info
2023/09/11 11:03:13 Message: Error #01: 服务器繁忙
Error #02: context deadline exceeded
2023/09/11 11:03:14 Status: 503
2023/09/11 11:03:14 Method: POST
2023/09/11 11:03:14 Path: /docker/info
2023/09/11 11:03:14 Message: Error #01: 服务器繁忙
Error #02: context deadline exceeded
2023/09/11 11:03:25 Status: 503
2023/09/11 11:03:25 Method: POST
2023/09/11 11:03:25 Path: /docker/info
2023/09/11 11:03:25 Message: Error #01: 服务器繁忙
2023/09/11 11:03:26 Status: 503
2023/09/11 11:03:26 Method: POST
2023/09/11 11:03:26 Path: /docker/info
2023/09/11 11:03:26 Message: Error #01: 服务器繁忙
2023/09/11 11:03:26 Status: 503
2023/09/11 11:03:26 Method: POST
2023/09/11 11:03:26 Path: /docker/info
2023/09/11 11:03:26 Message: Error #01: 服务器繁忙
2023/09/11 11:03:27 Status: 503
2023/09/11 11:03:27 Method: POST
2023/09/11 11:03:27 Path: /docker/info
2023/09/11 11:03:27 Message: Error #01: 服务器繁忙
2023/09/11 11:05:14 Status: 503
2023/09/11 11:05:14 Method: POST
2023/09/11 11:05:14 Path: /docker/info
2023/09/11 11:05:14 Message: Error #01: 服务器繁忙
2023/09/11 11:05:14 Status: 503
2023/09/11 11:05:14 Method: POST
2023/09/11 11:05:14 Path: /docker/info
2023/09/11 11:05:14 Message: Error #01: 服务器繁忙
2023/09/11 11:05:15 Status: 503
2023/09/11 11:05:15 Method: POST
2023/09/11 11:05:15 Path: /docker/info
2023/09/11 11:05:15 Message: Error #01: 服务器繁忙
2023/09/11 11:05:16 Status: 503
2023/09/11 11:05:16 Method: POST
2023/09/11 11:05:16 Path: /docker/info
2023/09/11 11:05:16 Message: Error #01: 服务器繁忙
2023/09/11 11:05:27 Status: 503
2023/09/11 11:05:27 Method: POST
2023/09/11 11:05:27 Path: /docker/info
2023/09/11 11:05:27 Message: Error #01: 服务器繁忙
2023/09/11 11:05:27 Status: 503
2023/09/11 11:05:27 Method: POST
2023/09/11 11:05:27 Path: /docker/info
2023/09/11 11:05:27 Message: Error #01: 服务器繁忙
2023/09/11 11:05:28 Status: 503
2023/09/11 11:05:28 Method: POST
2023/09/11 11:05:28 Path: /docker/info
2023/09/11 11:05:28 Message: Error #01: 服务器繁忙
2023/09/11 11:05:30 Status: 503
2023/09/11 11:05:30 Method: POST
2023/09/11 11:05:30 Path: /docker/info
2023/09/11 11:05:30 Message: Error #01: 服务器繁忙
2023/09/11 11:05:31 Status: 503
2023/09/11 11:05:31 Method: POST
2023/09/11 11:05:31 Path: /docker/info
2023/09/11 11:05:31 Message: Error #01: 服务器繁忙
2023/09/11 11:05:31 Status: 503
2023/09/11 11:05:31 Method: POST
2023/09/11 11:05:31 Path: /docker/info
2023/09/11 11:05:31 Message: Error #01: 服务器繁忙
2023/09/11 11:05:32 Status: 503
2023/09/11 11:05:32 Method: POST
2023/09/11 11:05:32 Path: /docker/info
2023/09/11 11:05:32 Message: Error #01: 服务器繁忙
2023/09/11 11:05:33 Status: 503
2023/09/11 11:05:33 Method: POST
2023/09/11 11:05:33 Path: /docker/info
2023/09/11 11:05:33 Message: Error #01: 服务器繁忙
2023/09/11 11:05:44 Status: 503
2023/09/11 11:05:44 Method: POST
2023/09/11 11:05:44 Path: /docker/info
2023/09/11 11:05:44 Message: Error #01: 服务器繁忙
2023/09/11 11:05:45 Status: 503
2023/09/11 11:05:45 Method: POST
2023/09/11 11:05:45 Path: /docker/info
2023/09/11 11:05:45 Message: Error #01: 服务器繁忙
2023/09/11 11:05:46 Status: 503
2023/09/11 11:05:46 Method: POST
2023/09/11 11:05:46 Path: /docker/info
2023/09/11 11:05:46 Message: Error #01: 服务器繁忙
2023/09/11 11:05:48 Status: 503
2023/09/11 11:05:48 Method: POST
2023/09/11 11:05:48 Path: /docker/info
2023/09/11 11:05:48 Message: Error #01: 服务器繁忙
2023/09/11 11:05:48 Status: 503
2023/09/11 11:05:48 Method: POST
2023/09/11 11:05:48 Path: /docker/info
2023/09/11 11:05:48 Message: Error #01: 服务器繁忙
2023/09/11 11:05:55 Status: 503
2023/09/11 11:05:55 Method: POST
2023/09/11 11:05:55 Path: /docker/info
2023/09/11 11:05:55 Message: Error #01: 服务器繁忙
2023/09/11 11:05:55 Status: 503
2023/09/11 11:05:55 Method: POST
2023/09/11 11:05:55 Path: /docker/info
2023/09/11 11:05:55 Message: Error #01: 服务器繁忙
2023/09/11 11:05:56 Status: 503
2023/09/11 11:05:56 Method: POST
2023/09/11 11:05:56 Path: /docker/info
2023/09/11 11:05:56 Message: Error #01: 服务器繁忙
2023/09/11 11:06:12 Status: 503
2023/09/11 11:06:12 Method: POST
2023/09/11 11:06:12 Path: /docker/info
2023/09/11 11:06:12 Message: Error #01: 服务器繁忙
2023/09/11 11:06:12 Status: 503
2023/09/11 11:06:12 Method: POST
2023/09/11 11:06:12 Path: /docker/info
2023/09/11 11:06:12 Message: Error #01: 服务器繁忙
2023/09/11 11:06:13 Status: 503
2023/09/11 11:06:13 Method: POST
2023/09/11 11:06:13 Path: /docker/info
2023/09/11 11:06:13 Message: Error #01: 服务器繁忙
2023/09/11 11:06:14 Status: 503
2023/09/11 11:06:14 Method: POST
2023/09/11 11:06:14 Path: /docker/info
2023/09/11 11:06:14 Message: Error #01: 服务器繁忙
2023/09/11 11:06:15 Status: 503
2023/09/11 11:06:15 Method: POST
2023/09/11 11:06:15 Path: /docker/info
2023/09/11 11:06:15 Message: Error #01: 服务器繁忙
2023/09/11 11:06:27 Status: 503
2023/09/11 11:06:27 Method: POST
2023/09/11 11:06:27 Path: /docker/info
2023/09/11 11:06:27 Message: Error #01: 服务器繁忙
2023/09/11 11:06:28 Status: 503
2023/09/11 11:06:28 Method: POST
2023/09/11 11:06:28 Path: /docker/info
2023/09/11 11:06:28 Message: Error #01: 服务器繁忙
2023/09/11 11:06:29 Status: 503
2023/09/11 11:06:29 Method: POST
2023/09/11 11:06:29 Path: /docker/info
2023/09/11 11:06:29 Message: Error #01: 服务器繁忙
2023/09/11 11:06:43 Status: 503
2023/09/11 11:06:43 Method: POST
2023/09/11 11:06:43 Path: /docker/info
2023/09/11 11:06:43 Message: Error #01: 服务器繁忙
2023/09/11 11:06:44 Status: 503
2023/09/11 11:06:44 Method: POST
2023/09/11 11:06:44 Path: /docker/info
2023/09/11 11:06:44 Message: Error #01: 服务器繁忙
2023/09/11 11:06:57 Status: 503
2023/09/11 11:06:57 Method: POST
2023/09/11 11:06:57 Path: /docker/info
2023/09/11 11:06:57 Message: Error #01: 服务器繁忙
2023/09/11 11:06:58 Status: 503
2023/09/11 11:06:58 Method: POST
2023/09/11 11:06:58 Path: /docker/info
2023/09/11 11:06:58 Message: Error #01: 服务器繁忙
2023/09/11 11:06:59 Status: 503
2023/09/11 11:06:59 Method: POST
2023/09/11 11:06:59 Path: /docker/info
2023/09/11 11:06:59 Message: Error #01: 服务器繁忙
2023/09/11 11:19:35 Status: 503
2023/09/11 11:19:35 Method: POST
2023/09/11 11:19:35 Path: /docker/info
2023/09/11 11:19:35 Message: Error #01: 服务器繁忙
2023/09/11 11:19:36 Status: 503
2023/09/11 11:19:36 Method: POST
2023/09/11 11:19:36 Path: /docker/info
2023/09/11 11:19:36 Message: Error #01: 服务器繁忙
2023/09/11 11:50:11 Status: 503
2023/09/11 11:50:11 Method: POST
2023/09/11 11:50:11 Path: /docker/info
2023/09/11 11:50:11 Message: Error #01: 服务器繁忙
2023/09/11 11:50:19 Status: 503
2023/09/11 11:50:19 Method: POST
2023/09/11 11:50:19 Path: /docker/info
2023/09/11 11:50:19 Message: Error #01: 服务器繁忙
2023/09/11 12:52:00 Status: 503
2023/09/11 12:52:00 Method: POST
2023/09/11 12:52:00 Path: /docker/info
2023/09/11 12:52:00 Message: Error #01: context deadline exceeded
Error #02: 服务器繁忙
2023/09/11 12:52:01 Status: 504
2023/09/11 12:52:01 Method: POST
2023/09/11 12:52:01 Path: /docker/info
2023/09/11 12:52:01 Message: Error #01: context deadline exceeded
2023/09/11 12:52:03 Status: 504
2023/09/11 12:52:03 Method: POST
2023/09/11 12:52:03 Path: /docker/info
2023/09/11 12:52:03 Message: Error #01: context deadline exceeded
2023/09/11 12:52:04 Status: 504
2023/09/11 12:52:04 Method: POST
2023/09/11 12:52:04 Path: /docker/info
2023/09/11 12:52:04 Message: Error #01: context deadline exceeded
2023/09/11 12:52:04 Status: 504
2023/09/11 12:52:04 Method: POST
2023/09/11 12:52:04 Path: /docker/info
2023/09/11 12:52:04 Message: Error #01: context deadline exceeded
2023/09/11 12:52:05 Status: 504
2023/09/11 12:52:05 Method: POST
2023/09/11 12:52:05 Path: /docker/info
2023/09/11 12:52:05 Message: Error #01: context deadline exceeded
2023/09/11 12:52:06 Status: 504
2023/09/11 12:52:06 Method: POST
2023/09/11 12:52:06 Path: /docker/info
2023/09/11 12:52:06 Message: Error #01: context deadline exceeded
2023/09/11 12:52:07 Status: 504
2023/09/11 12:52:07 Method: POST
2023/09/11 12:52:07 Path: /docker/info
2023/09/11 12:52:07 Message: Error #01: context deadline exceeded
2023/09/11 12:52:08 Status: 504
2023/09/11 12:52:08 Method: POST
2023/09/11 12:52:08 Path: /docker/info
2023/09/11 12:52:08 Message: Error #01: context deadline exceeded
2023/09/11 12:52:09 Status: 504
2023/09/11 12:52:09 Method: POST
2023/09/11 12:52:09 Path: /docker/info
2023/09/11 12:52:09 Message: Error #01: context deadline exceeded
2023/09/11 12:58:06 Status: 503
2023/09/11 12:58:06 Method: POST
2023/09/11 12:58:06 Path: /docker/info
2023/09/11 12:58:06 Message: Error #01: 服务器繁忙
2023/09/11 12:58:10 Status: 503
2023/09/11 12:58:10 Method: POST
2023/09/11 12:58:10 Path: /docker/info
2023/09/11 12:58:10 Message: Error #01: 服务器繁忙
2023/09/11 12:58:11 Status: 503
2023/09/11 12:58:11 Method: POST
2023/09/11 12:58:11 Path: /docker/info
2023/09/11 12:58:11 Message: Error #01: 服务器繁忙
2023/09/11 12:58:11 Status: 503
2023/09/11 12:58:11 Method: POST
2023/09/11 12:58:11 Path: /docker/info
2023/09/11 12:58:11 Message: Error #01: 服务器繁忙
2023/09/11 12:58:12 Status: 503
2023/09/11 12:58:12 Method: POST
2023/09/11 12:58:12 Path: /docker/info
2023/09/11 12:58:12 Message: Error #01: 服务器繁忙
2023/09/11 12:58:13 Status: 503
2023/09/11 12:58:13 Method: POST
2023/09/11 12:58:13 Path: /docker/info
2023/09/11 12:58:13 Message: Error #01: 服务器繁忙
2023/09/11 12:59:19 Status: 503
2023/09/11 12:59:19 Method: POST
2023/09/11 12:59:19 Path: /docker/info
2023/09/11 12:59:19 Message: Error #01: 服务器繁忙
2023/09/11 12:59:20 Status: 503
2023/09/11 12:59:20 Method: POST
2023/09/11 12:59:20 Path: /docker/info
2023/09/11 12:59:20 Message: Error #01: 服务器繁忙
2023/09/11 12:59:22 Status: 503
2023/09/11 12:59:22 Method: POST
2023/09/11 12:59:22 Path: /docker/info
2023/09/11 12:59:22 Message: Error #01: 服务器繁忙
2023/09/11 12:59:32 Status: 503
2023/09/11 12:59:32 Method: POST
2023/09/11 12:59:32 Path: /docker/info
2023/09/11 12:59:32 Message: Error #01: 服务器繁忙
2023/09/11 12:59:34 Status: 503
2023/09/11 12:59:34 Method: POST
2023/09/11 12:59:34 Path: /docker/info
2023/09/11 12:59:34 Message: Error #01: 服务器繁忙
2023/09/11 13:00:12 Status: 503
2023/09/11 13:00:12 Method: POST
2023/09/11 13:00:12 Path: /docker/info
2023/09/11 13:00:12 Message: Error #01: 服务器繁忙
2023/09/11 13:01:20 Status: 503
2023/09/11 13:01:20 Method: POST
2023/09/11 13:01:20 Path: /docker/info
2023/09/11 13:01:20 Message: Error #01: 服务器繁忙
2023/09/11 13:01:47 Status: 503
2023/09/11 13:01:47 Method: POST
2023/09/11 13:01:47 Path: /docker/info
2023/09/11 13:01:47 Message: Error #01: 服务器繁忙
2023/09/11 13:02:15 Status: 503
2023/09/11 13:02:15 Method: POST
2023/09/11 13:02:15 Path: /docker/info
2023/09/11 13:02:15 Message: Error #01: 服务器繁忙
2023/09/11 13:02:15 Status: 503
2023/09/11 13:02:15 Method: POST
2023/09/11 13:02:15 Path: /docker/info
2023/09/11 13:02:15 Message: Error #01: 服务器繁忙
2023/09/11 13:03:44 Status: 503
2023/09/11 13:03:44 Method: POST
2023/09/11 13:03:44 Path: /docker/info
2023/09/11 13:03:44 Message: Error #01: 服务器繁忙
2023/09/11 13:03:46 Status: 503
2023/09/11 13:03:46 Method: POST
2023/09/11 13:03:46 Path: /docker/info
2023/09/11 13:03:46 Message: Error #01: 服务器繁忙
2023/09/11 13:04:06 Status: 504
2023/09/11 13:04:06 Method: POST
2023/09/11 13:04:06 Path: /docker/info
2023/09/11 13:04:06 Message: Error #01: context deadline exceeded
2023/09/11 13:04:10 Status: 504
2023/09/11 13:04:10 Method: POST
2023/09/11 13:04:10 Path: /docker/info
2023/09/11 13:04:10 Message: Error #01: context deadline exceeded
2023/09/11 13:04:52 Status: 504
2023/09/11 13:04:52 Method: POST
2023/09/11 13:04:52 Path: /docker/info
2023/09/11 13:04:52 Message: Error #01: context deadline exceeded
2023/09/11 13:05:31 Status: 504
2023/09/11 13:05:31 Method: POST
2023/09/11 13:05:31 Path: /docker/info
2023/09/11 13:05:31 Message: Error #01: context deadline exceeded
2023/09/11 13:05:50 Status: 504
2023/09/11 13:05:50 Method: POST
2023/09/11 13:05:50 Path: /docker/info
2023/09/11 13:05:50 Message: Error #01: context deadline exceeded
2023/09/11 13:05:52 Status: 504
2023/09/11 13:05:52 Method: POST
2023/09/11 13:05:52 Path: /docker/info
2023/09/11 13:05:52 Message: Error #01: context deadline exceeded
2023/09/11 13:05:53 Status: 504
2023/09/11 13:05:53 Method: POST
2023/09/11 13:05:53 Path: /docker/info
2023/09/11 13:05:53 Message: Error #01: context deadline exceeded
2023/09/11 13:05:55 Status: 504
2023/09/11 13:05:55 Method: POST
2023/09/11 13:05:55 Path: /docker/info
2023/09/11 13:05:55 Message: Error #01: context deadline exceeded
2023/09/11 13:05:57 Status: 504
2023/09/11 13:05:57 Method: POST
2023/09/11 13:05:57 Path: /docker/info
2023/09/11 13:05:57 Message: Error #01: context deadline exceeded
2023/09/11 13:06:00 Status: 504
2023/09/11 13:06:00 Method: POST
2023/09/11 13:06:00 Path: /docker/info
2023/09/11 13:06:00 Message: Error #01: context deadline exceeded
2023/09/11 13:06:03 Status: 504
2023/09/11 13:06:03 Method: POST
2023/09/11 13:06:03 Path: /docker/info
2023/09/11 13:06:03 Message: Error #01: context deadline exceeded
2023/09/11 13:06:05 Status: 504
2023/09/11 13:06:05 Method: POST
2023/09/11 13:06:05 Path: /docker/info
2023/09/11 13:06:05 Message: Error #01: context deadline exceeded
2023/09/11 13:06:08 Status: 504
2023/09/11 13:06:08 Method: POST
2023/09/11 13:06:08 Path: /docker/info
2023/09/11 13:06:08 Message: Error #01: context deadline exceeded
2023/09/11 13:06:10 Status: 504
2023/09/11 13:06:10 Method: POST
2023/09/11 13:06:10 Path: /docker/info
2023/09/11 13:06:10 Message: Error #01: context deadline exceeded
2023/09/11 13:07:20 Status: 504
2023/09/11 13:07:20 Method: POST
2023/09/11 13:07:20 Path: /docker/info
2023/09/11 13:07:20 Message: Error #01: context deadline exceeded
2023/09/11 13:07:22 Status: 504
2023/09/11 13:07:22 Method: POST
2023/09/11 13:07:22 Path: /docker/info
2023/09/11 13:07:22 Message: Error #01: context deadline exceeded
2023/09/11 13:07:25 Status: 504
2023/09/11 13:07:25 Method: POST
2023/09/11 13:07:25 Path: /docker/info
2023/09/11 13:07:25 Message: Error #01: context deadline exceeded
2023/09/11 13:07:27 Status: 504
2023/09/11 13:07:27 Method: POST
2023/09/11 13:07:27 Path: /docker/info
2023/09/11 13:07:27 Message: Error #01: context deadline exceeded
2023/09/11 13:07:29 Status: 504
2023/09/11 13:07:29 Method: POST
2023/09/11 13:07:29 Path: /docker/info
2023/09/11 13:07:29 Message: Error #01: context deadline exceeded
2023/09/11 13:07:31 Status: 504
2023/09/11 13:07:31 Method: POST
2023/09/11 13:07:31 Path: /docker/info
2023/09/11 13:07:31 Message: Error #01: context deadline exceeded
2023/09/11 13:07:34 Status: 504
2023/09/11 13:07:34 Method: POST
2023/09/11 13:07:34 Path: /docker/info
2023/09/11 13:07:34 Message: Error #01: context deadline exceeded
2023/09/11 13:07:59 Status: 504
2023/09/11 13:07:59 Method: POST
2023/09/11 13:07:59 Path: /docker/info
2023/09/11 13:07:59 Message: Error #01: context deadline exceeded
2023/09/11 13:08:03 Status: 504
2023/09/11 13:08:03 Method: POST
2023/09/11 13:08:03 Path: /docker/info
2023/09/11 13:08:03 Message: Error #01: context deadline exceeded
2023/09/11 13:08:08 Status: 504
2023/09/11 13:08:08 Method: POST
2023/09/11 13:08:08 Path: /docker/info
2023/09/11 13:08:08 Message: Error #01: context deadline exceeded
2023/09/11 13:08:20 Status: 504
2023/09/11 13:08:20 Method: POST
2023/09/11 13:08:20 Path: /docker/info
2023/09/11 13:08:20 Message: Error #01: context deadline exceeded
2023/09/11 13:08:23 Status: 504
2023/09/11 13:08:23 Method: POST
2023/09/11 13:08:23 Path: /docker/info
2023/09/11 13:08:23 Message: Error #01: context deadline exceeded
2023/09/11 13:09:18 Status: 504
2023/09/11 13:09:18 Method: POST
2023/09/11 13:09:18 Path: /docker/info
2023/09/11 13:09:18 Message: Error #01: context deadline exceeded
2023/09/11 13:10:02 Status: 504
2023/09/11 13:10:02 Method: POST
2023/09/11 13:10:02 Path: /docker/info
2023/09/11 13:10:02 Message: Error #01: context deadline exceeded
2023/09/11 13:10:05 Status: 504
2023/09/11 13:10:05 Method: POST
2023/09/11 13:10:05 Path: /docker/info
2023/09/11 13:10:05 Message: Error #01: context deadline exceeded
2023/09/11 13:10:07 Status: 504
2023/09/11 13:10:07 Method: POST
2023/09/11 13:10:07 Path: /docker/info
2023/09/11 13:10:07 Message: Error #01: context deadline exceeded
2023/09/11 13:10:09 Status: 504
2023/09/11 13:10:09 Method: POST
2023/09/11 13:10:09 Path: /docker/info
2023/09/11 13:10:09 Message: Error #01: context deadline exceeded
2023/09/11 13:17:53 Status: 504
2023/09/11 13:17:53 Method: POST
2023/09/11 13:17:53 Path: /docker/info
2023/09/11 13:17:53 Message: Error #01: context deadline exceeded
2023/09/11 13:17:57 Status: 504
2023/09/11 13:17:57 Method: POST
2023/09/11 13:17:57 Path: /docker/info
2023/09/11 13:17:57 Message: Error #01: context deadline exceeded
2023/09/11 13:17:59 Status: 504
2023/09/11 13:17:59 Method: POST
2023/09/11 13:17:59 Path: /docker/info
2023/09/11 13:17:59 Message: Error #01: context deadline exceeded
2023/09/11 13:18:01 Status: 504
2023/09/11 13:18:01 Method: POST
2023/09/11 13:18:01 Path: /docker/info
2023/09/11 13:18:01 Message: Error #01: context deadline exceeded
2023/09/11 13:22:52 Status: 504
2023/09/11 13:22:52 Method: POST
2023/09/11 13:22:52 Path: /docker/info
2023/09/11 13:22:52 Message: 
2023/09/11 13:22:55 Status: 504
2023/09/11 13:22:55 Method: POST
2023/09/11 13:22:55 Path: /docker/info
2023/09/11 13:22:55 Message: 
2023/09/11 13:24:13 Status: 504
2023/09/11 13:24:13 Method: POST
2023/09/11 13:24:13 Path: /docker/info
2023/09/11 13:24:13 Message: Error #01: context deadline exceeded
2023/09/11 13:24:15 Status: 504
2023/09/11 13:24:15 Method: POST
2023/09/11 13:24:15 Path: /docker/info
2023/09/11 13:24:15 Message: Error #01: context deadline exceeded
2023/09/11 13:28:09 Status: 504
2023/09/11 13:28:09 Method: POST
2023/09/11 13:28:09 Path: /docker/info
2023/09/11 13:28:09 Message: Error #01: context deadline exceeded
2023/09/11 13:28:12 Status: 504
2023/09/11 13:28:12 Method: POST
2023/09/11 13:28:12 Path: /docker/info
2023/09/11 13:28:12 Message: Error #01: context deadline exceeded
2023/09/11 13:28:16 Status: 504
2023/09/11 13:28:16 Method: POST
2023/09/11 13:28:16 Path: /docker/info
2023/09/11 13:28:16 Message: Error #01: context deadline exceeded
2023/09/11 13:28:17 Status: 504
2023/09/11 13:28:17 Method: POST
2023/09/11 13:28:17 Path: /docker/info
2023/09/11 13:28:17 Message: Error #01: context deadline exceeded
2023/09/11 13:28:34 Status: 504
2023/09/11 13:28:34 Method: POST
2023/09/11 13:28:34 Path: /docker/info
2023/09/11 13:28:34 Message: Error #01: context deadline exceeded
2023/09/11 13:28:35 Status: 503
2023/09/11 13:28:35 Method: POST
2023/09/11 13:28:35 Path: /docker/info
2023/09/11 13:28:35 Message: Error #01: 服务器繁忙
2023/09/11 13:28:38 Status: 503
2023/09/11 13:28:38 Method: POST
2023/09/11 13:28:38 Path: /docker/info
2023/09/11 13:28:38 Message: Error #01: 服务器繁忙
2023/09/11 13:28:41 Status: 503
2023/09/11 13:28:41 Method: POST
2023/09/11 13:28:41 Path: /docker/info
2023/09/11 13:28:41 Message: Error #01: 服务器繁忙
2023/09/11 13:28:42 Status: 503
2023/09/11 13:28:42 Method: POST
2023/09/11 13:28:42 Path: /docker/info
2023/09/11 13:28:42 Message: Error #01: 服务器繁忙
2023/09/11 13:28:42 Status: 503
2023/09/11 13:28:42 Method: POST
2023/09/11 13:28:42 Path: /docker/info
2023/09/11 13:28:42 Message: Error #01: 服务器繁忙
2023/09/11 13:28:43 Status: 503
2023/09/11 13:28:43 Method: POST
2023/09/11 13:28:43 Path: /docker/info
2023/09/11 13:28:43 Message: Error #01: 服务器繁忙
2023/09/11 13:28:44 Status: 503
2023/09/11 13:28:44 Method: POST
2023/09/11 13:28:44 Path: /docker/info
2023/09/11 13:28:44 Message: Error #01: 服务器繁忙
2023/09/11 13:28:45 Status: 503
2023/09/11 13:28:45 Method: POST
2023/09/11 13:28:45 Path: /docker/info
2023/09/11 13:28:45 Message: Error #01: 服务器繁忙
2023/09/11 13:28:46 Status: 503
2023/09/11 13:28:46 Method: POST
2023/09/11 13:28:46 Path: /docker/info
2023/09/11 13:28:46 Message: Error #01: 服务器繁忙
2023/09/11 13:28:46 Status: 503
2023/09/11 13:28:46 Method: POST
2023/09/11 13:28:46 Path: /docker/info
2023/09/11 13:28:46 Message: Error #01: 服务器繁忙
2023/09/11 13:28:47 Status: 503
2023/09/11 13:28:47 Method: POST
2023/09/11 13:28:47 Path: /docker/info
2023/09/11 13:28:47 Message: Error #01: 服务器繁忙
2023/09/11 13:29:12 Status: 504
2023/09/11 13:29:12 Method: POST
2023/09/11 13:29:12 Path: /docker/info
2023/09/11 13:29:12 Message: Error #01: context deadline exceeded
2023/09/11 13:29:15 Status: 503
2023/09/11 13:29:15 Method: POST
2023/09/11 13:29:15 Path: /docker/info
2023/09/11 13:29:15 Message: Error #01: 服务器繁忙
2023/09/11 13:29:17 Status: 503
2023/09/11 13:29:17 Method: POST
2023/09/11 13:29:17 Path: /docker/info
2023/09/11 13:29:17 Message: Error #01: 服务器繁忙
2023/09/11 13:29:18 Status: 503
2023/09/11 13:29:18 Method: POST
2023/09/11 13:29:18 Path: /docker/info
2023/09/11 13:29:18 Message: Error #01: 服务器繁忙
2023/09/11 13:29:19 Status: 503
2023/09/11 13:29:19 Method: POST
2023/09/11 13:29:19 Path: /docker/info
2023/09/11 13:29:19 Message: Error #01: 服务器繁忙
2023/09/11 13:29:19 Status: 503
2023/09/11 13:29:19 Method: POST
2023/09/11 13:29:19 Path: /docker/info
2023/09/11 13:29:19 Message: Error #01: 服务器繁忙
2023/09/11 13:29:20 Status: 503
2023/09/11 13:29:20 Method: POST
2023/09/11 13:29:20 Path: /docker/info
2023/09/11 13:29:20 Message: Error #01: 服务器繁忙
2023/09/11 13:29:20 Status: 503
2023/09/11 13:29:20 Method: POST
2023/09/11 13:29:20 Path: /docker/info
2023/09/11 13:29:20 Message: Error #01: 服务器繁忙
2023/09/11 13:29:36 Status: 503
2023/09/11 13:29:36 Method: POST
2023/09/11 13:29:36 Path: /docker/info
2023/09/11 13:29:36 Message: Error #01: 服务器繁忙
2023/09/11 13:29:37 Status: 503
2023/09/11 13:29:37 Method: POST
2023/09/11 13:29:37 Path: /docker/info
2023/09/11 13:29:37 Message: Error #01: 服务器繁忙
2023/09/11 13:29:38 Status: 503
2023/09/11 13:29:38 Method: POST
2023/09/11 13:29:38 Path: /docker/info
2023/09/11 13:29:38 Message: Error #01: 服务器繁忙
2023/09/11 13:29:38 Status: 503
2023/09/11 13:29:38 Method: POST
2023/09/11 13:29:38 Path: /docker/info
2023/09/11 13:29:38 Message: Error #01: 服务器繁忙
2023/09/11 13:29:39 Status: 503
2023/09/11 13:29:39 Method: POST
2023/09/11 13:29:39 Path: /docker/info
2023/09/11 13:29:39 Message: Error #01: 服务器繁忙
2023/09/11 13:29:40 Status: 503
2023/09/11 13:29:40 Method: POST
2023/09/11 13:29:40 Path: /docker/info
2023/09/11 13:29:40 Message: Error #01: 服务器繁忙
2023/09/11 13:29:52 Status: 504
2023/09/11 13:29:52 Method: POST
2023/09/11 13:29:52 Path: /docker/info
2023/09/11 13:29:52 Message: Error #01: context deadline exceeded
2023/09/11 13:29:55 Status: 504
2023/09/11 13:29:55 Method: POST
2023/09/11 13:29:55 Path: /docker/info
2023/09/11 13:29:55 Message: Error #01: context deadline exceeded
2023/09/11 13:29:57 Status: 504
2023/09/11 13:29:57 Method: POST
2023/09/11 13:29:57 Path: /docker/info
2023/09/11 13:29:57 Message: Error #01: context deadline exceeded
2023/09/11 13:29:59 Status: 504
2023/09/11 13:29:59 Method: POST
2023/09/11 13:29:59 Path: /docker/info
2023/09/11 13:29:59 Message: Error #01: context deadline exceeded
2023/09/11 13:30:01 Status: 504
2023/09/11 13:30:01 Method: POST
2023/09/11 13:30:01 Path: /docker/info
2023/09/11 13:30:01 Message: Error #01: context deadline exceeded
2023/09/11 13:30:03 Status: 504
2023/09/11 13:30:03 Method: POST
2023/09/11 13:30:03 Path: /docker/info
2023/09/11 13:30:03 Message: Error #01: context deadline exceeded
2023/09/11 13:30:50 Status: 504
2023/09/11 13:30:50 Method: POST
2023/09/11 13:30:50 Path: /docker/info
2023/09/11 13:30:50 Message: Error #01: context deadline exceeded
2023/09/11 13:30:52 Status: 504
2023/09/11 13:30:52 Method: POST
2023/09/11 13:30:52 Path: /docker/info
2023/09/11 13:30:52 Message: Error #01: context deadline exceeded
2023/09/11 13:30:54 Status: 504
2023/09/11 13:30:54 Method: POST
2023/09/11 13:30:54 Path: /docker/info
2023/09/11 13:30:54 Message: Error #01: context deadline exceeded
2023/09/11 13:37:32 Status: 504
2023/09/11 13:37:32 Method: POST
2023/09/11 13:37:32 Path: /docker/info
2023/09/11 13:37:32 Message: Error #01: context deadline exceeded
2023/09/11 13:37:35 Status: 504
2023/09/11 13:37:35 Method: POST
2023/09/11 13:37:35 Path: /docker/info
2023/09/11 13:37:35 Message: Error #01: context deadline exceeded
2023/09/11 13:37:37 Status: 504
2023/09/11 13:37:37 Method: POST
2023/09/11 13:37:37 Path: /docker/info
2023/09/11 13:37:37 Message: Error #01: context deadline exceeded
